Using pre-set license
Built from '2020.2/staging' branch; Version is '2020.2.6f1 (8a2143876886) revision 9052483'; Using compiler version '192528614'; Build Type 'Release'
OS: 'Windows 10 Pro; OS build 19042.844; Version 2009; 64bit' Language: 'fr' Physical Memory: 16327 MB
BatchMode: 1, IsHumanControllingUs: 0, StartBugReporterOnCrash: 0, Is64bit: 1, IsPro: 0

 COMMAND LINE ARGUMENTS:
D:\Unity versions\2020.2.6f1\Editor\Unity.exe
-adb2
-batchMode
-noUpm
-name
AssetImportWorker0
-projectPath
D:/Programation/Ethex
-logFile
Logs/AssetImportWorker0.log
-srvPort
49825
Successfully changed project path to: D:/Programation/Ethex
D:/Programation/Ethex
Using Asset Import Pipeline V2.
Refreshing native plugins compatible for Editor in 35.85 ms, found 0 plugins.
Preloading 0 native plugins for Editor in 0.00 ms.
Initialize engine version: 2020.2.6f1 (8a2143876886)
[Subsystems] Discovering subsystems at path D:/Unity versions/2020.2.6f1/Editor/Data/Resources/UnitySubsystems
[Subsystems] Discovering subsystems at path D:/Programation/Ethex/Assets
GfxDevice: creating device client; threaded=0
Direct3D:
    Version:  Direct3D 11.0 [level 11.1]
    Renderer: NVIDIA GeForce GTX 1650 SUPER (ID=0x2187)
    Vendor:   
    VRAM:     3955 MB
    Driver:   27.21.14.6172
Initialize mono
Mono path[0] = 'D:/Unity versions/2020.2.6f1/Editor/Data/Managed'
Mono path[1] = 'D:/Unity versions/2020.2.6f1/Editor/Data/MonoBleedingEdge/lib/mono/unityjit'
Mono config path = 'D:/Unity versions/2020.2.6f1/Editor/Data/MonoBleedingEdge/etc'
Using monoOptions --debugger-agent=transport=dt_socket,embedding=1,server=y,suspend=n,address=127.0.0.1:56568
Begin MonoManager ReloadAssembly
Registering precompiled unity dll's ...
Register platform support module: D:/Unity versions/2020.2.6f1/Editor/Data/PlaybackEngines/WindowsStandaloneSupport/UnityEditor.WindowsStandalone.Extensions.dll
Registered in 0.001059 seconds.
Native extension for WindowsStandalone target not found
Refreshing native plugins compatible for Editor in 32.93 ms, found 0 plugins.
Preloading 0 native plugins for Editor in 0.00 ms.
Invoked RoslynAnalysisRunner static constructor.
RoslynAnalysisRunner will not be running.
RoslynAnalysisRunner has terminated.
Mono: successfully reloaded assembly
- Completed reload, in  2.170 seconds
Platform modules already initialized, skipping
Registering precompiled user dll's ...
Registered in 0.000672 seconds.
Begin MonoManager ReloadAssembly
Native extension for WindowsStandalone target not found
Refreshing native plugins compatible for Editor in 0.26 ms, found 0 plugins.
Preloading 0 native plugins for Editor in 0.00 ms.
Invoked RoslynAnalysisRunner static constructor.
RoslynAnalysisRunner will not be running.
RoslynAnalysisRunner has terminated.
Mono: successfully reloaded assembly
- Completed reload, in  0.855 seconds
Platform modules already initialized, skipping
========================================================================
Worker process is ready to serve import requests
Launched and connected shader compiler UnityShaderCompiler.exe after 0.07 seconds
Refreshing native plugins compatible for Editor in 0.29 ms, found 0 plugins.
Preloading 0 native plugins for Editor in 0.00 ms.
Unloading 1487 Unused Serialized files (Serialized files now loaded: 0)
System memory in use before: 76.4 MB.
System memory in use after: 76.4 MB.

Unloading 68 unused Assets to reduce memory usage. Loaded Objects now: 1925.
Total: 2.239000 ms (FindLiveObjects: 0.224800 ms CreateObjectMapping: 0.040700 ms MarkObjects: 1.760200 ms  DeleteObjects: 0.211900 ms)

========================================================================
Received Import Request.
  path: Assets/Images/Ethex.png
  artifactKey: Guid(46e1bf70bec87f6409f648ea5e344fdf) Importer(815301076,1909f56bfc062723c751e8b465ee728b)
Start importing Assets/Images/Ethex.png using Guid(46e1bf70bec87f6409f648ea5e344fdf) Importer(815301076,1909f56bfc062723c751e8b465ee728b)  -> (artifact id: 'be3d9500e68c9b941a597ac830891a54') in 0.196659 seconds
  Import took 0.199215 seconds .

========================================================================
Received Import Request.
  Time since last request: 15.499180 seconds.
  path: Assets/Images/Mouse_pointer.png
  artifactKey: Guid(5abe7d532564a9a44b25f7a86358db88) Importer(815301076,1909f56bfc062723c751e8b465ee728b)
Start importing Assets/Images/Mouse_pointer.png using Guid(5abe7d532564a9a44b25f7a86358db88) Importer(815301076,1909f56bfc062723c751e8b465ee728b)  -> (artifact id: 'd4b36391953f7627355f9f26a0ba88f8') in 0.015797 seconds
  Import took 0.032483 seconds .

========================================================================
Received Prepare
Registering precompiled user dll's ...
Registered in 0.000884 seconds.
Begin MonoManager ReloadAssembly
Native extension for WindowsStandalone target not found
Refreshing native plugins compatible for Editor in 0.28 ms, found 0 plugins.
Preloading 0 native plugins for Editor in 0.00 ms.
Warning: Annotation not found!
UnityEngine.StackTraceUtility:ExtractStackTrace ()
UnityEditor.ProBuilder.EditorUtility:SetGizmoIconEnabled (System.Type,bool) (at Library/PackageCache/com.unity.probuilder@4.5.0/Editor/EditorCore/EditorUtility.cs:593)
UnityEditor.ProBuilder.HierarchyListener:.cctor () (at Library/PackageCache/com.unity.probuilder@4.5.0/Editor/EditorCore/HierarchyListener.cs:21)
System.Runtime.CompilerServices.RuntimeHelpers:RunClassConstructor (System.RuntimeTypeHandle)
UnityEditor.EditorAssemblies:ProcessInitializeOnLoadAttributes (System.Type[])

[Library/PackageCache/com.unity.probuilder@4.5.0/Editor/EditorCore/EditorUtility.cs line 593]

Invoked RoslynAnalysisRunner static constructor.
RoslynAnalysisRunner will not be running.
RoslynAnalysisRunner has terminated.
Mono: successfully reloaded assembly
- Completed reload, in  0.787 seconds
Platform modules already initialized, skipping
Refreshing native plugins compatible for Editor in 0.28 ms, found 0 plugins.
Preloading 0 native plugins for Editor in 0.00 ms.
Unloading 1454 Unused Serialized files (Serialized files now loaded: 0)
System memory in use before: 77.3 MB.
System memory in use after: 77.3 MB.

Unloading 6 unused Assets to reduce memory usage. Loaded Objects now: 1935.
Total: 1.879400 ms (FindLiveObjects: 0.218100 ms CreateObjectMapping: 0.033800 ms MarkObjects: 1.546700 ms  DeleteObjects: 0.079700 ms)

========================================================================
Received Import Request.
  Time since last request: 683.200499 seconds.
  path: Assets/PauseMenu.cs
  artifactKey: Guid(0d2310bca94c39f4bba00c35aba211fd) Importer(815301076,1909f56bfc062723c751e8b465ee728b)
Start importing Assets/PauseMenu.cs using Guid(0d2310bca94c39f4bba00c35aba211fd) Importer(815301076,1909f56bfc062723c751e8b465ee728b)  -> (artifact id: 'ec30aa716d0047c7902f6297e2458891') in 0.012637 seconds
  Import took 0.015512 seconds .

========================================================================
Received Prepare
Registering precompiled user dll's ...
Registered in 0.000640 seconds.
Begin MonoManager ReloadAssembly
Native extension for WindowsStandalone target not found
Refreshing native plugins compatible for Editor in 0.42 ms, found 0 plugins.
Preloading 0 native plugins for Editor in 0.00 ms.
Warning: Annotation not found!
UnityEngine.StackTraceUtility:ExtractStackTrace ()
UnityEditor.ProBuilder.EditorUtility:SetGizmoIconEnabled (System.Type,bool) (at Library/PackageCache/com.unity.probuilder@4.5.0/Editor/EditorCore/EditorUtility.cs:593)
UnityEditor.ProBuilder.HierarchyListener:.cctor () (at Library/PackageCache/com.unity.probuilder@4.5.0/Editor/EditorCore/HierarchyListener.cs:21)
System.Runtime.CompilerServices.RuntimeHelpers:RunClassConstructor (System.RuntimeTypeHandle)
UnityEditor.EditorAssemblies:ProcessInitializeOnLoadAttributes (System.Type[])

[Library/PackageCache/com.unity.probuilder@4.5.0/Editor/EditorCore/EditorUtility.cs line 593]

Invoked RoslynAnalysisRunner static constructor.
RoslynAnalysisRunner will not be running.
RoslynAnalysisRunner has terminated.
Mono: successfully reloaded assembly
- Completed reload, in  0.873 seconds
Platform modules already initialized, skipping
Refreshing native plugins compatible for Editor in 0.28 ms, found 0 plugins.
Preloading 0 native plugins for Editor in 0.00 ms.
Unloading 1454 Unused Serialized files (Serialized files now loaded: 0)
System memory in use before: 77.3 MB.
System memory in use after: 77.4 MB.

Unloading 6 unused Assets to reduce memory usage. Loaded Objects now: 1938.
Total: 2.127800 ms (FindLiveObjects: 0.252200 ms CreateObjectMapping: 0.047700 ms MarkObjects: 1.739500 ms  DeleteObjects: 0.086900 ms)

========================================================================
Received Prepare
Registering precompiled user dll's ...
Registered in 0.000684 seconds.
Begin MonoManager ReloadAssembly
Native extension for WindowsStandalone target not found
Refreshing native plugins compatible for Editor in 0.28 ms, found 0 plugins.
Preloading 0 native plugins for Editor in 0.00 ms.
Warning: Annotation not found!
UnityEngine.StackTraceUtility:ExtractStackTrace ()
UnityEditor.ProBuilder.EditorUtility:SetGizmoIconEnabled (System.Type,bool) (at Library/PackageCache/com.unity.probuilder@4.5.0/Editor/EditorCore/EditorUtility.cs:593)
UnityEditor.ProBuilder.HierarchyListener:.cctor () (at Library/PackageCache/com.unity.probuilder@4.5.0/Editor/EditorCore/HierarchyListener.cs:21)
System.Runtime.CompilerServices.RuntimeHelpers:RunClassConstructor (System.RuntimeTypeHandle)
UnityEditor.EditorAssemblies:ProcessInitializeOnLoadAttributes (System.Type[])

[Library/PackageCache/com.unity.probuilder@4.5.0/Editor/EditorCore/EditorUtility.cs line 593]

Invoked RoslynAnalysisRunner static constructor.
RoslynAnalysisRunner will not be running.
RoslynAnalysisRunner has terminated.
Mono: successfully reloaded assembly
- Completed reload, in  0.747 seconds
Platform modules already initialized, skipping
Refreshing native plugins compatible for Editor in 0.28 ms, found 0 plugins.
Preloading 0 native plugins for Editor in 0.00 ms.
Unloading 1454 Unused Serialized files (Serialized files now loaded: 0)
System memory in use before: 77.3 MB.
System memory in use after: 77.4 MB.

Unloading 6 unused Assets to reduce memory usage. Loaded Objects now: 1941.
Total: 2.173800 ms (FindLiveObjects: 0.248500 ms CreateObjectMapping: 0.046500 ms MarkObjects: 1.795300 ms  DeleteObjects: 0.082100 ms)

========================================================================
Received Prepare
Registering precompiled user dll's ...
Registered in 0.000814 seconds.
Begin MonoManager ReloadAssembly
Native extension for WindowsStandalone target not found
Refreshing native plugins compatible for Editor in 0.28 ms, found 0 plugins.
Preloading 0 native plugins for Editor in 0.00 ms.
Warning: Annotation not found!
UnityEngine.StackTraceUtility:ExtractStackTrace ()
UnityEditor.ProBuilder.EditorUtility:SetGizmoIconEnabled (System.Type,bool) (at Library/PackageCache/com.unity.probuilder@4.5.0/Editor/EditorCore/EditorUtility.cs:593)
UnityEditor.ProBuilder.HierarchyListener:.cctor () (at Library/PackageCache/com.unity.probuilder@4.5.0/Editor/EditorCore/HierarchyListener.cs:21)
System.Runtime.CompilerServices.RuntimeHelpers:RunClassConstructor (System.RuntimeTypeHandle)
UnityEditor.EditorAssemblies:ProcessInitializeOnLoadAttributes (System.Type[])

[Library/PackageCache/com.unity.probuilder@4.5.0/Editor/EditorCore/EditorUtility.cs line 593]

Invoked RoslynAnalysisRunner static constructor.
RoslynAnalysisRunner will not be running.
RoslynAnalysisRunner has terminated.
Mono: successfully reloaded assembly
- Completed reload, in  0.765 seconds
Platform modules already initialized, skipping
Refreshing native plugins compatible for Editor in 0.27 ms, found 0 plugins.
Preloading 0 native plugins for Editor in 0.00 ms.
Unloading 1454 Unused Serialized files (Serialized files now loaded: 0)
System memory in use before: 77.3 MB.
System memory in use after: 77.4 MB.

Unloading 6 unused Assets to reduce memory usage. Loaded Objects now: 1944.
Total: 2.433200 ms (FindLiveObjects: 0.208300 ms CreateObjectMapping: 0.036400 ms MarkObjects: 2.101300 ms  DeleteObjects: 0.085800 ms)

========================================================================
Received Import Request.
  Time since last request: 342.913189 seconds.
  path: Assets/Scenes/Menu.unity
  artifactKey: Guid(5bc9e9a77e22d81428d8fcda68e1db0a) Importer(815301076,1909f56bfc062723c751e8b465ee728b)
Start importing Assets/Scenes/Menu.unity using Guid(5bc9e9a77e22d81428d8fcda68e1db0a) Importer(815301076,1909f56bfc062723c751e8b465ee728b)  -> (artifact id: '0fcc70d4add927a166571b3378975134') in 0.009240 seconds
  Import took 0.011586 seconds .

========================================================================
Received Import Request.
  Time since last request: 6.913250 seconds.
  path: Assets/Prefabs/Settings.prefab
  artifactKey: Guid(afefe7830417d20478b856c8809298be) Importer(815301076,1909f56bfc062723c751e8b465ee728b)
Start importing Assets/Prefabs/Settings.prefab using Guid(afefe7830417d20478b856c8809298be) Importer(815301076,1909f56bfc062723c751e8b465ee728b)  -> (artifact id: '191f30086921433b064e2c4a159dc0a0') in 0.089781 seconds
  Import took 0.092647 seconds .

========================================================================
Received Import Request.
  Time since last request: 9.064163 seconds.
  path: Assets/Prefabs/Settings.prefab
  artifactKey: Guid(afefe7830417d20478b856c8809298be) Importer(815301076,1909f56bfc062723c751e8b465ee728b)
Start importing Assets/Prefabs/Settings.prefab using Guid(afefe7830417d20478b856c8809298be) Importer(815301076,1909f56bfc062723c751e8b465ee728b)  -> (artifact id: 'a2ddf69168ec4bc3cb9724d47b1aa56c') in 0.009773 seconds
  Import took 0.012643 seconds .

========================================================================
Received Import Request.
  Time since last request: 0.005138 seconds.
  path: Assets/Prefabs/Settings.prefab
  artifactKey: Guid(afefe7830417d20478b856c8809298be) Importer(815301076,1909f56bfc062723c751e8b465ee728b)
Start importing Assets/Prefabs/Settings.prefab using Guid(afefe7830417d20478b856c8809298be) Importer(815301076,1909f56bfc062723c751e8b465ee728b)  -> (artifact id: 'a2ddf69168ec4bc3cb9724d47b1aa56c') in 0.010004 seconds
  Import took 0.012799 seconds .

========================================================================
Received Import Request.
  Time since last request: 32.109219 seconds.
  path: Assets/Scenes/Map.unity
  artifactKey: Guid(52b75e9a57ec02243abeac102d9a99b9) Importer(815301076,1909f56bfc062723c751e8b465ee728b)
Start importing Assets/Scenes/Map.unity using Guid(52b75e9a57ec02243abeac102d9a99b9) Importer(815301076,1909f56bfc062723c751e8b465ee728b)  -> (artifact id: '843400ae27dca451a9507df50a1596c1') in 0.006349 seconds
  Import took 0.008819 seconds .

========================================================================
Received Import Request.
  Time since last request: 155.385124 seconds.
  path: Assets/Prefabs/Player.prefab
  artifactKey: Guid(3e53cefabfd77be468b093864fca2f37) Importer(815301076,1909f56bfc062723c751e8b465ee728b)
Start importing Assets/Prefabs/Player.prefab using Guid(3e53cefabfd77be468b093864fca2f37) Importer(815301076,1909f56bfc062723c751e8b465ee728b)  -> (artifact id: '4e0704edec3cdc60cc262b21f1819ac0') in 0.097815 seconds
  Import took 0.100466 seconds .

========================================================================
Received Import Request.
  Time since last request: 7.382335 seconds.
  path: Assets/Prefabs/Player.prefab
  artifactKey: Guid(3e53cefabfd77be468b093864fca2f37) Importer(815301076,1909f56bfc062723c751e8b465ee728b)
Start importing Assets/Prefabs/Player.prefab using Guid(3e53cefabfd77be468b093864fca2f37) Importer(815301076,1909f56bfc062723c751e8b465ee728b)  -> (artifact id: '46d16364838f28842116bbf8a019deb7') in 0.026656 seconds
  Import took 0.029679 seconds .

========================================================================
Received Import Request.
  Time since last request: 54.118401 seconds.
  path: Assets/Prefabs/Player.prefab
  artifactKey: Guid(3e53cefabfd77be468b093864fca2f37) Importer(815301076,1909f56bfc062723c751e8b465ee728b)
Start importing Assets/Prefabs/Player.prefab using Guid(3e53cefabfd77be468b093864fca2f37) Importer(815301076,1909f56bfc062723c751e8b465ee728b)  -> (artifact id: '35cc6c159783bbb247dbac2bed4e871b') in 0.010314 seconds
  Import took 0.012843 seconds .

========================================================================
Received Import Request.
  Time since last request: 134.307492 seconds.
  path: Assets/Prefabs/Settings.prefab
  artifactKey: Guid(afefe7830417d20478b856c8809298be) Importer(815301076,1909f56bfc062723c751e8b465ee728b)
Start importing Assets/Prefabs/Settings.prefab using Guid(afefe7830417d20478b856c8809298be) Importer(815301076,1909f56bfc062723c751e8b465ee728b)  -> (artifact id: 'b0d920d089157c4499afa9c1e9f796bf') in 0.009774 seconds
  Import took 0.012958 seconds .

========================================================================
Received Import Request.
  Time since last request: 25.384856 seconds.
  path: Assets/Prefabs/Settings.prefab
  artifactKey: Guid(afefe7830417d20478b856c8809298be) Importer(815301076,1909f56bfc062723c751e8b465ee728b)
Start importing Assets/Prefabs/Settings.prefab using Guid(afefe7830417d20478b856c8809298be) Importer(815301076,1909f56bfc062723c751e8b465ee728b)  -> (artifact id: 'dac2814d71cdeec8ba7d6017ec0165e0') in 0.009391 seconds
  Import took 0.012311 seconds .

========================================================================
Received Import Request.
  Time since last request: 1450.541025 seconds.
  path: Assets/Scenes/Menu.unity
  artifactKey: Guid(5bc9e9a77e22d81428d8fcda68e1db0a) Importer(815301076,1909f56bfc062723c751e8b465ee728b)
Start importing Assets/Scenes/Menu.unity using Guid(5bc9e9a77e22d81428d8fcda68e1db0a) Importer(815301076,1909f56bfc062723c751e8b465ee728b)  -> (artifact id: '46e7854d2b9d3d38f19e1106ee5a79db') in 0.003249 seconds
  Import took 0.005826 seconds .

========================================================================
Received Import Request.
  Time since last request: 609.446662 seconds.
  path: Assets/Scenes/Map.unity
  artifactKey: Guid(52b75e9a57ec02243abeac102d9a99b9) Importer(815301076,1909f56bfc062723c751e8b465ee728b)
Start importing Assets/Scenes/Map.unity using Guid(52b75e9a57ec02243abeac102d9a99b9) Importer(815301076,1909f56bfc062723c751e8b465ee728b)  -> (artifact id: 'ce76f22823d6d7b2e5b3b82cd5e1a11b') in 0.002958 seconds
  Import took 0.005931 seconds .

========================================================================
Received Import Request.
  Time since last request: 162.775130 seconds.
  path: Assets/Scenes/Map.unity
  artifactKey: Guid(52b75e9a57ec02243abeac102d9a99b9) Importer(815301076,1909f56bfc062723c751e8b465ee728b)
Start importing Assets/Scenes/Map.unity using Guid(52b75e9a57ec02243abeac102d9a99b9) Importer(815301076,1909f56bfc062723c751e8b465ee728b)  -> (artifact id: '4a8f20ab9f7699de503e353907b91471') in 0.002625 seconds
  Import took 0.005113 seconds .

========================================================================
Received Import Request.
  Time since last request: 0.843039 seconds.
  path: Assets/Scenes/Menu.unity
  artifactKey: Guid(5bc9e9a77e22d81428d8fcda68e1db0a) Importer(815301076,1909f56bfc062723c751e8b465ee728b)
Start importing Assets/Scenes/Menu.unity using Guid(5bc9e9a77e22d81428d8fcda68e1db0a) Importer(815301076,1909f56bfc062723c751e8b465ee728b)  -> (artifact id: '276be4d46569d1b398198bab86a6083a') in 0.002576 seconds
  Import took 0.005108 seconds .

========================================================================
Received Import Request.
  Time since last request: 0.001257 seconds.
  path: Assets/Scenes/Menu.unity
  artifactKey: Guid(5bc9e9a77e22d81428d8fcda68e1db0a) Importer(815301076,1909f56bfc062723c751e8b465ee728b)
Start importing Assets/Scenes/Menu.unity using Guid(5bc9e9a77e22d81428d8fcda68e1db0a) Importer(815301076,1909f56bfc062723c751e8b465ee728b)  -> (artifact id: '276be4d46569d1b398198bab86a6083a') in 0.002724 seconds
  Import took 0.005111 seconds .

========================================================================
Received Prepare
Refreshing native plugins compatible for Editor in 0.75 ms, found 0 plugins.
Preloading 0 native plugins for Editor in 0.00 ms.
Unloading 4 Unused Serialized files (Serialized files now loaded: 0)
System memory in use before: 50.5 MB.
System memory in use after: 50.5 MB.

Unloading 11 unused Assets to reduce memory usage. Loaded Objects now: 1952.
Total: 2.661400 ms (FindLiveObjects: 0.371200 ms CreateObjectMapping: 0.054800 ms MarkObjects: 2.123600 ms  DeleteObjects: 0.110200 ms)

========================================================================
Received Import Request.
  Time since last request: 188.876168 seconds.
  path: Assets/Scenes/Menu.unity
  artifactKey: Guid(5bc9e9a77e22d81428d8fcda68e1db0a) Importer(815301076,1909f56bfc062723c751e8b465ee728b)
Start importing Assets/Scenes/Menu.unity using Guid(5bc9e9a77e22d81428d8fcda68e1db0a) Importer(815301076,1909f56bfc062723c751e8b465ee728b)  -> (artifact id: '69af60b82c1ace0934de4a0a71b8b5b0') in 0.008646 seconds
  Import took 0.011189 seconds .

========================================================================
Received Prepare
Refreshing native plugins compatible for Editor in 0.83 ms, found 0 plugins.
Preloading 0 native plugins for Editor in 0.00 ms.
Unloading 4 Unused Serialized files (Serialized files now loaded: 0)
System memory in use before: 50.5 MB.
System memory in use after: 50.5 MB.

Unloading 4 unused Assets to reduce memory usage. Loaded Objects now: 1952.
Total: 2.177400 ms (FindLiveObjects: 0.268800 ms CreateObjectMapping: 0.049800 ms MarkObjects: 1.770500 ms  DeleteObjects: 0.086700 ms)

========================================================================
Received Prepare
Registering precompiled user dll's ...
Registered in 0.000678 seconds.
Begin MonoManager ReloadAssembly
Native extension for WindowsStandalone target not found
Refreshing native plugins compatible for Editor in 0.27 ms, found 0 plugins.
Preloading 0 native plugins for Editor in 0.00 ms.
Warning: Annotation not found!
UnityEngine.StackTraceUtility:ExtractStackTrace ()
UnityEditor.ProBuilder.EditorUtility:SetGizmoIconEnabled (System.Type,bool) (at Library/PackageCache/com.unity.probuilder@4.5.0/Editor/EditorCore/EditorUtility.cs:593)
UnityEditor.ProBuilder.HierarchyListener:.cctor () (at Library/PackageCache/com.unity.probuilder@4.5.0/Editor/EditorCore/HierarchyListener.cs:21)
System.Runtime.CompilerServices.RuntimeHelpers:RunClassConstructor (System.RuntimeTypeHandle)
UnityEditor.EditorAssemblies:ProcessInitializeOnLoadAttributes (System.Type[])

[Library/PackageCache/com.unity.probuilder@4.5.0/Editor/EditorCore/EditorUtility.cs line 593]

Invoked RoslynAnalysisRunner static constructor.
RoslynAnalysisRunner will not be running.
RoslynAnalysisRunner has terminated.
Mono: successfully reloaded assembly
- Completed reload, in  0.766 seconds
Platform modules already initialized, skipping
Refreshing native plugins compatible for Editor in 0.28 ms, found 0 plugins.
Preloading 0 native plugins for Editor in 0.00 ms.
Unloading 1454 Unused Serialized files (Serialized files now loaded: 0)
System memory in use before: 77.7 MB.
System memory in use after: 77.7 MB.

Unloading 6 unused Assets to reduce memory usage. Loaded Objects now: 1955.
Total: 2.292700 ms (FindLiveObjects: 0.198200 ms CreateObjectMapping: 0.036600 ms MarkObjects: 1.963400 ms  DeleteObjects: 0.092800 ms)

========================================================================
Received Prepare
Registering precompiled user dll's ...
Registered in 0.000807 seconds.
Begin MonoManager ReloadAssembly
Native extension for WindowsStandalone target not found
Refreshing native plugins compatible for Editor in 0.26 ms, found 0 plugins.
Preloading 0 native plugins for Editor in 0.00 ms.
Warning: Annotation not found!
UnityEngine.StackTraceUtility:ExtractStackTrace ()
UnityEditor.ProBuilder.EditorUtility:SetGizmoIconEnabled (System.Type,bool) (at Library/PackageCache/com.unity.probuilder@4.5.0/Editor/EditorCore/EditorUtility.cs:593)
UnityEditor.ProBuilder.HierarchyListener:.cctor () (at Library/PackageCache/com.unity.probuilder@4.5.0/Editor/EditorCore/HierarchyListener.cs:21)
System.Runtime.CompilerServices.RuntimeHelpers:RunClassConstructor (System.RuntimeTypeHandle)
UnityEditor.EditorAssemblies:ProcessInitializeOnLoadAttributes (System.Type[])

[Library/PackageCache/com.unity.probuilder@4.5.0/Editor/EditorCore/EditorUtility.cs line 593]

Invoked RoslynAnalysisRunner static constructor.
RoslynAnalysisRunner will not be running.
RoslynAnalysisRunner has terminated.
Mono: successfully reloaded assembly
- Completed reload, in  0.758 seconds
Platform modules already initialized, skipping
Refreshing native plugins compatible for Editor in 0.37 ms, found 0 plugins.
Preloading 0 native plugins for Editor in 0.00 ms.
Unloading 1454 Unused Serialized files (Serialized files now loaded: 0)
System memory in use before: 77.7 MB.
System memory in use after: 77.7 MB.

Unloading 6 unused Assets to reduce memory usage. Loaded Objects now: 1958.
Total: 2.564500 ms (FindLiveObjects: 0.275800 ms CreateObjectMapping: 0.046400 ms MarkObjects: 2.154300 ms  DeleteObjects: 0.086600 ms)

========================================================================
Received Prepare
Refreshing native plugins compatible for Editor in 0.83 ms, found 0 plugins.
Preloading 0 native plugins for Editor in 0.00 ms.
Unloading 4 Unused Serialized files (Serialized files now loaded: 0)
System memory in use before: 49.0 MB.
System memory in use after: 49.0 MB.

Unloading 4 unused Assets to reduce memory usage. Loaded Objects now: 1958.
Total: 3.443600 ms (FindLiveObjects: 0.258000 ms CreateObjectMapping: 0.053600 ms MarkObjects: 3.015100 ms  DeleteObjects: 0.115200 ms)

========================================================================
Received Prepare
Registering precompiled user dll's ...
Registered in 0.000654 seconds.
Begin MonoManager ReloadAssembly
Native extension for WindowsStandalone target not found
Refreshing native plugins compatible for Editor in 0.26 ms, found 0 plugins.
Preloading 0 native plugins for Editor in 0.00 ms.
Warning: Annotation not found!
UnityEngine.StackTraceUtility:ExtractStackTrace ()
UnityEditor.ProBuilder.EditorUtility:SetGizmoIconEnabled (System.Type,bool) (at Library/PackageCache/com.unity.probuilder@4.5.0/Editor/EditorCore/EditorUtility.cs:593)
UnityEditor.ProBuilder.HierarchyListener:.cctor () (at Library/PackageCache/com.unity.probuilder@4.5.0/Editor/EditorCore/HierarchyListener.cs:21)
System.Runtime.CompilerServices.RuntimeHelpers:RunClassConstructor (System.RuntimeTypeHandle)
UnityEditor.EditorAssemblies:ProcessInitializeOnLoadAttributes (System.Type[])

[Library/PackageCache/com.unity.probuilder@4.5.0/Editor/EditorCore/EditorUtility.cs line 593]

Invoked RoslynAnalysisRunner static constructor.
RoslynAnalysisRunner will not be running.
RoslynAnalysisRunner has terminated.
Mono: successfully reloaded assembly
- Completed reload, in  0.768 seconds
Platform modules already initialized, skipping
Refreshing native plugins compatible for Editor in 0.26 ms, found 0 plugins.
Preloading 0 native plugins for Editor in 0.00 ms.
Unloading 1454 Unused Serialized files (Serialized files now loaded: 0)
System memory in use before: 77.7 MB.
System memory in use after: 77.7 MB.

Unloading 6 unused Assets to reduce memory usage. Loaded Objects now: 1961.
Total: 2.155300 ms (FindLiveObjects: 0.252000 ms CreateObjectMapping: 0.046100 ms MarkObjects: 1.767800 ms  DeleteObjects: 0.088600 ms)

========================================================================
Received Prepare
Registering precompiled user dll's ...
Registered in 0.000631 seconds.
Begin MonoManager ReloadAssembly
Native extension for WindowsStandalone target not found
Refreshing native plugins compatible for Editor in 0.27 ms, found 0 plugins.
Preloading 0 native plugins for Editor in 0.00 ms.
Warning: Annotation not found!
UnityEngine.StackTraceUtility:ExtractStackTrace ()
UnityEditor.ProBuilder.EditorUtility:SetGizmoIconEnabled (System.Type,bool) (at Library/PackageCache/com.unity.probuilder@4.5.0/Editor/EditorCore/EditorUtility.cs:593)
UnityEditor.ProBuilder.HierarchyListener:.cctor () (at Library/PackageCache/com.unity.probuilder@4.5.0/Editor/EditorCore/HierarchyListener.cs:21)
System.Runtime.CompilerServices.RuntimeHelpers:RunClassConstructor (System.RuntimeTypeHandle)
UnityEditor.EditorAssemblies:ProcessInitializeOnLoadAttributes (System.Type[])

[Library/PackageCache/com.unity.probuilder@4.5.0/Editor/EditorCore/EditorUtility.cs line 593]

Invoked RoslynAnalysisRunner static constructor.
RoslynAnalysisRunner will not be running.
RoslynAnalysisRunner has terminated.
Mono: successfully reloaded assembly
- Completed reload, in  0.749 seconds
Platform modules already initialized, skipping
Refreshing native plugins compatible for Editor in 0.29 ms, found 0 plugins.
Preloading 0 native plugins for Editor in 0.00 ms.
Unloading 1454 Unused Serialized files (Serialized files now loaded: 0)
System memory in use before: 77.7 MB.
System memory in use after: 77.7 MB.

Unloading 6 unused Assets to reduce memory usage. Loaded Objects now: 1964.
Total: 2.261700 ms (FindLiveObjects: 0.213000 ms CreateObjectMapping: 0.035600 ms MarkObjects: 1.898500 ms  DeleteObjects: 0.113300 ms)

========================================================================
Received Prepare
Refreshing native plugins compatible for Editor in 0.76 ms, found 0 plugins.
Preloading 0 native plugins for Editor in 0.00 ms.
Unloading 4 Unused Serialized files (Serialized files now loaded: 0)
System memory in use before: 49.0 MB.
System memory in use after: 49.1 MB.

Unloading 4 unused Assets to reduce memory usage. Loaded Objects now: 1964.
Total: 1.917300 ms (FindLiveObjects: 0.179500 ms CreateObjectMapping: 0.035900 ms MarkObjects: 1.616300 ms  DeleteObjects: 0.084000 ms)

========================================================================
Received Prepare
Registering precompiled user dll's ...
Registered in 0.000647 seconds.
Begin MonoManager ReloadAssembly
Native extension for WindowsStandalone target not found
Refreshing native plugins compatible for Editor in 0.27 ms, found 0 plugins.
Preloading 0 native plugins for Editor in 0.00 ms.
Warning: Annotation not found!
UnityEngine.StackTraceUtility:ExtractStackTrace ()
UnityEditor.ProBuilder.EditorUtility:SetGizmoIconEnabled (System.Type,bool) (at Library/PackageCache/com.unity.probuilder@4.5.0/Editor/EditorCore/EditorUtility.cs:593)
UnityEditor.ProBuilder.HierarchyListener:.cctor () (at Library/PackageCache/com.unity.probuilder@4.5.0/Editor/EditorCore/HierarchyListener.cs:21)
System.Runtime.CompilerServices.RuntimeHelpers:RunClassConstructor (System.RuntimeTypeHandle)
UnityEditor.EditorAssemblies:ProcessInitializeOnLoadAttributes (System.Type[])

[Library/PackageCache/com.unity.probuilder@4.5.0/Editor/EditorCore/EditorUtility.cs line 593]

Invoked RoslynAnalysisRunner static constructor.
RoslynAnalysisRunner will not be running.
RoslynAnalysisRunner has terminated.
Mono: successfully reloaded assembly
- Completed reload, in  0.757 seconds
Platform modules already initialized, skipping
Refreshing native plugins compatible for Editor in 0.29 ms, found 0 plugins.
Preloading 0 native plugins for Editor in 0.00 ms.
Unloading 1454 Unused Serialized files (Serialized files now loaded: 0)
System memory in use before: 77.7 MB.
System memory in use after: 77.7 MB.

Unloading 6 unused Assets to reduce memory usage. Loaded Objects now: 1967.
Total: 2.139500 ms (FindLiveObjects: 0.184100 ms CreateObjectMapping: 0.034300 ms MarkObjects: 1.823900 ms  DeleteObjects: 0.095700 ms)

========================================================================
Received Import Request.
  Time since last request: 784.411886 seconds.
  path: Assets/Scenes/Menu.unity
  artifactKey: Guid(5bc9e9a77e22d81428d8fcda68e1db0a) Importer(815301076,1909f56bfc062723c751e8b465ee728b)
Start importing Assets/Scenes/Menu.unity using Guid(5bc9e9a77e22d81428d8fcda68e1db0a) Importer(815301076,1909f56bfc062723c751e8b465ee728b)  -> (artifact id: '949cb960776cf6a996ae2f1fcec18ed0') in 0.005332 seconds
  Import took 0.008109 seconds .

========================================================================
Received Import Request.
  Time since last request: 178.898862 seconds.
  path: Assets/New Terrain.asset
  artifactKey: Guid(4d461b01ae0780340bedde56acbd47d9) Importer(815301076,1909f56bfc062723c751e8b465ee728b)
Start importing Assets/New Terrain.asset using Guid(4d461b01ae0780340bedde56acbd47d9) Importer(815301076,1909f56bfc062723c751e8b465ee728b)  -> (artifact id: '79e0ca5458e93b4a53605c957da97e7e') in 0.014016 seconds
  Import took 0.016822 seconds .

========================================================================
Received Import Request.
  Time since last request: 0.000202 seconds.
  path: Assets/TerrainData_59347256-a904-4f6a-863e-eef7ab2929ee.asset
  artifactKey: Guid(7cd6375dda9316f4fbe7611ccc46e153) Importer(815301076,1909f56bfc062723c751e8b465ee728b)
Start importing Assets/TerrainData_59347256-a904-4f6a-863e-eef7ab2929ee.asset using Guid(7cd6375dda9316f4fbe7611ccc46e153) Importer(815301076,1909f56bfc062723c751e8b465ee728b)  -> (artifact id: 'f4d089aaae08bfc38ff8ff590a5a6d7b') in 0.010972 seconds
  Import took 0.024962 seconds .

AssetImportWorkerClient::OnTransportError - code=2 error=End of file
